Build started 09/02/2015 09:58:40.
     1>Project "C:\Work\Playground\GameOfLife\GameOfLifeTests\GameOfLifeTests.vcxproj" on node 2 (Build target(s)).
     1>ClCompile:
         C:\Program Files (x86)\Microsoft Visual Studio 12.0\VC\bin\CL.exe /c /I"C:\Program Files (x86)\Microsoft Visual Studio 12.0\VC\UnitTest\include" /Zi /nologo /W3 /WX- /O2 /Oi /Oy- /GL /D WIN32 /D NDEBUG /D _WINDLL /D _UNICODE /D UNICODE /Gm- /EHsc /MD /GS /Gy /fp:precise /Zc:wchar_t /Zc:forScope /Yu"stdafx.h" /Fp"Release\GameOfLifeTests.pch" /Fo"Release\\" /Fd"Release\vc120.pdb" /Gd /TP /analyze- /FC /errorReport:prompt tests.GameOfLife.cpp
         tests.GameOfLife.cpp
     1>c:\work\playground\gameoflife\gameoflifetests\tests.gameoflife.cpp(222): fatal error C1010: unexpected end of file while looking for precompiled header. Did you forget to add '#include "stdafx.h"' to your source?
     1>Done Building Project "C:\Work\Playground\GameOfLife\GameOfLifeTests\GameOfLifeTests.vcxproj" (Build target(s)) -- FAILED.

Build FAILED.

Time Elapsed 00:00:00.16
